<?xml version="1.0" encoding="UTF-8"?>
<!-- Generated by org.testng.reporters.JUnitReportReporter -->
<testsuite hostname="LAPTOP-IQ2CFSVN" failures="0" tests="5" name="com.frost.learningmate.Sample" time="17.173" errors="0" timestamp="2025-05-06T11:33:10 IST" skipped="0">
  <testcase classname="com.frost.learningmate.Sample" name="Logi" time="3.728"/>
  <testcase classname="com.frost.learningmate.Sample" name="Logi" time="5.068"/>
  <testcase classname="com.frost.learningmate.Sample" name="Logi" time="3.528"/>
  <testcase classname="com.frost.learningmate.Sample" name="Logi" time="2.286"/>
  <testcase classname="com.frost.learningmate.Sample" name="Logi" time="2.563"/>
</testsuite> <!-- com.frost.learningmate.Sample -->
